Added Component: Designator=1(SW_NR01103ANG13-1C)
Added Component: Designator=C1(CAPRB_MURATA_DEBE33D103ZA3B)
Added Component: Designator=C2(CAPRB_MURATA_DEBE33D103ZA3B)
Added Component: Designator=C3(CAPPR1000-3600X5200)
Added Component: Designator=C4(CAPPR1000-2300X4200)
Added Component: Designator=FU1(FUSH_SCHURTER_OGN)
Added Component: Designator=HL1(LED_3MM_GREEN_1C-2A)
Added Component: Designator=K1(USSR relay)
Added Component: Designator=R1(RES2032-1400X350)
Added Component: Designator=R2(RES2032-1400X350)
Added Component: Designator=R3(RES2032-1400X350)
Added Component: Designator=R4(RES2032-1400X350)
Added Component: Designator=R5(RES2032-1400X350)
Added Component: Designator=R6(RES2032-1400X350)
Added Component: Designator=R7(RES2032-1400X350)
Added Component: Designator=R8(RES2032-1400X350)
Added Component: Designator=R9(RES2032-1400X350)
Added Component: Designator=T1()
Added Component: Designator=U1(DIP1016W50P254L458H480Q4)
Added Component: Designator=VD1(DO-35)
Added Component: Designator=VD2(DIOB_GBJ2506)
Added Component: Designator=VT1(TO-18)
Added Component: Designator=VT2(TO-126-v)
Added Component: Designator=VT3(TO-126-v)
Added Component: Designator=VT5(TO-92AA-P152)
Added Component: Designator=XP1(PHOENIX_1715721)
Added Component: Designator=XP2(PHOENIX_1715721)
Added Component: Designator=XP3(PHOENIX_1715721)
Added Component: Designator=XP4(PHOENIX_1715721)
Added Component: Designator=Ê2()
Added Pin To Net: NetName=Net1_0 Pin=XP3-2
Added Net: Name=Net1_0
Added Pin To Net: NetName=Net1_2 Pin=1-2
Added Pin To Net: NetName=Net1_2 Pin=XP4-1
Added Net: Name=Net1_2
Added Pin To Net: NetName=Net1_4 Pin=1-4
Added Net: Name=Net1_4
Added Pin To Net: NetName=NetC1_1 Pin=C1-1
Added Pin To Net: NetName=NetC1_1 Pin=C2-1
Added Pin To Net: NetName=NetC1_1 Pin=R4-2
Added Pin To Net: NetName=NetC1_1 Pin=XP1-2
Added Net: Name=NetC1_1
Added Pin To Net: NetName=NetC1_2 Pin=C1-2
Added Pin To Net: NetName=NetC1_2 Pin=R1-2
Added Net: Name=NetC1_2
Added Pin To Net: NetName=NetC2_2 Pin=C2-2
Added Pin To Net: NetName=NetC2_2 Pin=R1-1
Added Net: Name=NetC2_2
Added Pin To Net: NetName=NetC3_1 Pin=C3-1
Added Pin To Net: NetName=NetC3_1 Pin=R8-2
Added Net: Name=NetC3_1
Added Pin To Net: NetName=NetC3_2 Pin=C3-2
Added Pin To Net: NetName=NetC3_2 Pin=C4-2
Added Pin To Net: NetName=NetC3_2 Pin=R7-2
Added Pin To Net: NetName=NetC3_2 Pin=R9-2
Added Pin To Net: NetName=NetC3_2 Pin=XP2-2
Added Net: Name=NetC3_2
Added Pin To Net: NetName=NetC4_1 Pin=C4-1
Added Pin To Net: NetName=NetC4_1 Pin=K1-1
Added Pin To Net: NetName=NetC4_1 Pin=VD1-2
Added Net: Name=NetC4_1
Added Pin To Net: NetName=NetFU1_1 Pin=FU1-1
Added Pin To Net: NetName=NetFU1_1 Pin=XP3-1
Added Pin To Net: NetName=NetFU1_1 Pin=XP4-2
Added Net: Name=NetFU1_1
Added Pin To Net: NetName=NetFU1_2 Pin=FU1-2
Added Net: Name=NetFU1_2
Added Pin To Net: NetName=NetHL1_1 Pin=HL1-1
Added Net: Name=NetHL1_1
Added Pin To Net: NetName=NetHL1_2 Pin=HL1-2
Added Pin To Net: NetName=NetHL1_2 Pin=R9-1
Added Net: Name=NetHL1_2
Added Net: Name=NetK1.1_5
Added Pin To Net: NetName=NetK1_2 Pin=K1-2
Added Pin To Net: NetName=NetK1_2 Pin=VD1-1
Added Net: Name=NetK1_2
Added Pin To Net: NetName=NetR2_1 Pin=R2-1
Added Pin To Net: NetName=NetR2_1 Pin=U1-4
Added Pin To Net: NetName=NetR2_1 Pin=XP1-1
Added Net: Name=NetR2_1
Added Pin To Net: NetName=NetR2_2 Pin=R2-2
Added Pin To Net: NetName=NetR2_2 Pin=R3-1
Added Pin To Net: NetName=NetR2_2 Pin=R5-1
Added Net: Name=NetR2_2
Added Pin To Net: NetName=NetR3_2 Pin=R3-2
Added Pin To Net: NetName=NetR3_2 Pin=R4-1
Added Net: Name=NetR3_2
Added Pin To Net: NetName=NetR5_2 Pin=R5-2
Added Net: Name=NetR5_2
Added Pin To Net: NetName=NetR6_1 Pin=R6-1
Added Pin To Net: NetName=NetR6_1 Pin=U1-1
Added Net: Name=NetR6_1
Added Pin To Net: NetName=NetR6_2 Pin=R6-2
Added Net: Name=NetR6_2
Added Pin To Net: NetName=NetR7_1 Pin=R7-1
Added Pin To Net: NetName=NetR7_1 Pin=U1-2
Added Net: Name=NetR7_1
Added Pin To Net: NetName=NetR8_1 Pin=R8-1
Added Net: Name=NetR8_1
Added Net: Name=NetT1_1
Added Net: Name=NetT1_2
Added Pin To Net: NetName=NetU1_3 Pin=U1-3
Added Net: Name=NetU1_3
Added Net: Name=NetVT2_E
Added Pin To Net: NetName=NetXP2_1 Pin=XP2-1
Added Net: Name=NetXP2_1
Added Class: Name=Schema
Added Room: Name=Schema
