Change Physical Footprint: Designator=C1 Old Footprint=CAPRB_MURATA_DEBE33D103ZA3B New Footprint=CAPRB_MURATA_DEBE33D103ZA3B
Change Physical Footprint: Designator=C2 Old Footprint=CAPRB_MURATA_DEBE33D103ZA3B New Footprint=CAPRB_MURATA_DEBE33D103ZA3B
Change Physical Footprint: Designator=C3 Old Footprint=CAPPR1000-3600X5200 New Footprint=CAPPR1000-3600X5200
Change Physical Footprint: Designator=C4 Old Footprint=CAPPR1000-2300X4200 New Footprint=CAPPR1000-2300X4200
Change Physical Footprint: Designator=FU1 Old Footprint=FUSH_SCHURTER_OGN New Footprint=FUSH_SCHURTER_OGN
Change Physical Footprint: Designator=HL1 Old Footprint=LED_3MM_GREEN_1C-2A New Footprint=LED_3MM_GREEN_1C-2A
Change Physical Footprint: Designator=K1 Old Footprint=USSR relay New Footprint=USSR relay
Change Physical Footprint: Designator=K2 Old Footprint=USSR relay New Footprint=USSR relay
Change Physical Footprint: Designator=R1 Old Footprint=RES2032-1400X350 New Footprint=RES2032-1400X350
Change Physical Footprint: Designator=R2 Old Footprint=RES2032-1400X350 New Footprint=RES2032-1400X350
Change Physical Footprint: Designator=R3 Old Footprint=RES2032-1400X350 New Footprint=RES2032-1400X350
Change Physical Footprint: Designator=R4 Old Footprint=RES2032-1400X350 New Footprint=RES2032-1400X350
Change Physical Footprint: Designator=R5 Old Footprint=RES2032-1400X350 New Footprint=RES2032-1400X350
Change Physical Footprint: Designator=R6 Old Footprint=RES2032-1400X350 New Footprint=RES2032-1400X350
Change Physical Footprint: Designator=R7 Old Footprint=RES2032-1400X350 New Footprint=RES2032-1400X350
Change Physical Footprint: Designator=R8 Old Footprint=RES2032-1400X350 New Footprint=RES2032-1400X350
Change Physical Footprint: Designator=R9 Old Footprint=RES2032-1400X350 New Footprint=RES2032-1400X350
Change Physical Footprint: Designator=SA1 Old Footprint=SW_NR01103ANG13-1C New Footprint=SW_NR01103ANG13-1C
Change Physical Footprint: Designator=U1 Old Footprint=DIP1016W50P254L458H480Q4 New Footprint=DIP1016W50P254L458H480Q4
Change Physical Footprint: Designator=VD1 Old Footprint=DO-35 New Footprint=DO-35
Change Physical Footprint: Designator=VD2 Old Footprint=DIOB_GBJ2506 New Footprint=DIOB_GBJ2506
Change Physical Footprint: Designator=VT1 Old Footprint=TO-18 New Footprint=TO-18
Change Physical Footprint: Designator=VT2 Old Footprint=TO-126-v New Footprint=TO-126-v
Change Physical Footprint: Designator=VT3 Old Footprint=TO-126-v New Footprint=TO-126-v
Change Physical Footprint: Designator=VT4 Old Footprint=TO-92AA-P152 New Footprint=TO-92AA-P152
Change Physical Footprint: Designator=VT5 Old Footprint=TO-92AA-P152 New Footprint=TO-92AA-P152
Change Physical Footprint: Designator=XP1 Old Footprint=PHOENIX_1715721 New Footprint=PHOENIX_1715721
Change Physical Footprint: Designator=XP2 Old Footprint=PHOENIX_1715721 New Footprint=PHOENIX_1715721
Change Physical Footprint: Designator=XP3 Old Footprint=PHOENIX_1715721 New Footprint=PHOENIX_1715721
Change Physical Footprint: Designator=XP4 Old Footprint=PHOENIX_1715721 New Footprint=PHOENIX_1715721
