Removed Pin From Net: NetName=NetK1.2_6 Pin=SA1-1
Change Component Comment : Designator=R9 Old Comment=1.5Í New Comment==Value
Change Component Comment : Designator=R6 Old Comment=1Í New Comment==Value
Change Component Comment : Designator=R2 Old Comment=2.4Ï New Comment==Value
Change Component Comment : Designator=R3 Old Comment=3Ï New Comment==Value
Change Component Comment : Designator=R1 Old Comment=5.1Ï New Comment==Value
Change Component Comment : Designator=R7 Old Comment=15Í New Comment==Value
Change Component Comment : Designator=R8 Old Comment=15Í New Comment==Value
Change Component Comment : Designator=R4 Old Comment=510Í New Comment==Value
Change Component Comment : Designator=R5 Old Comment=510Í New Comment==Value
Change Component Comment : Designator=HL1 Old Comment=¿À307¬ New Comment=
Change Component Comment : Designator=VD1 Old Comment= ƒ521¿ New Comment=
Change Component Comment : Designator=VT5 Old Comment= “829¿ New Comment=
Change Component Comment : Designator=VT2 Old Comment= “940¿ New Comment=
Change Component Comment : Designator=VT3 Old Comment= “940¿ New Comment=
Change Component Comment : Designator=VT1 Old Comment= “3102¿ New Comment=
Added Component: Designator=K1.1(USSR relay)
Added Component: Designator=K1.2(USSR relay)
Added Component: Designator=K1(USSR relay)
Added Pin To Net: NetName=NetC4_1 Pin=K1-1
Added Pin To Net: NetName=NetK1_2 Pin=K1-2
Added Pin To Net: NetName=NetC4_1 Pin=K1.1-3
Added Pin To Net: NetName=NetHL1_1 Pin=K1.1-4
Added Pin To Net: NetName=NetK1.1_5 Pin=K1.1-5
Added Pin To Net: NetName=NetK1.2_6 Pin=K1.2-6
Added Pin To Net: NetName=NetK1.2_8 Pin=K1.2-8
Added Member To Class: ClassName=Schema Member=Component K1.1 REl2
Added Member To Class: ClassName=Schema Member=Component K1.2 REl2
Added Member To Class: ClassName=Schema Member=Component K1 REl2
