Replace Part C1 Cap in D:\TKS Semestr\Schema.SchDoc with Cap from sch.SchLib
Replace Part C2 Cap in D:\TKS Semestr\Schema.SchDoc with Cap from sch.SchLib
Replace Part C3 CapPol in D:\TKS Semestr\Schema.SchDoc with CapPol from sch.SchLib
Replace Part C4 CapPol in D:\TKS Semestr\Schema.SchDoc with CapPol from sch.SchLib
Replace Part FU1 Fuse in D:\TKS Semestr\Schema.SchDoc with Fuse from sch.SchLib
Replace Part HL1 LED in D:\TKS Semestr\Schema.SchDoc with LED from sch.SchLib
Replace Part K1.1 REl2 in D:\TKS Semestr\Schema.SchDoc with REl2 from sch.SchLib
Replace Part K1.2 REl2 in D:\TKS Semestr\Schema.SchDoc with REl2 from sch.SchLib
Replace Part K1 REl2 in D:\TKS Semestr\Schema.SchDoc with REl2 from sch.SchLib
Replace Part R1 res in D:\TKS Semestr\Schema.SchDoc with res from sch.SchLib
Replace Part R2 res in D:\TKS Semestr\Schema.SchDoc with res from sch.SchLib
Replace Part R3 res in D:\TKS Semestr\Schema.SchDoc with res from sch.SchLib
Replace Part R4 res in D:\TKS Semestr\Schema.SchDoc with res from sch.SchLib
Replace Part R5 res in D:\TKS Semestr\Schema.SchDoc with res from sch.SchLib
Replace Part R6 res in D:\TKS Semestr\Schema.SchDoc with res from sch.SchLib
Replace Part R7 res in D:\TKS Semestr\Schema.SchDoc with res from sch.SchLib
Replace Part R8 res in D:\TKS Semestr\Schema.SchDoc with res from sch.SchLib
Replace Part R9 res in D:\TKS Semestr\Schema.SchDoc with res from sch.SchLib
Replace Part SA1 3-positoin switch in D:\TKS Semestr\Schema.SchDoc with 3-positoin switch from sch.SchLib
Replace Part T1 TRANSFORMATOR-2 in D:\TKS Semestr\Schema.SchDoc with TRANSFORMATOR-2 from sch.SchLib
Replace Part T1 TRANSFORMATOR-2 in D:\TKS Semestr\Schema.SchDoc with TRANSFORMATOR-2 from sch.SchLib
Replace Part U1 optwithLED in D:\TKS Semestr\Schema.SchDoc with optwithLED from sch.SchLib
Replace Part VD1 DIODE in D:\TKS Semestr\Schema.SchDoc with DIODE from sch.SchLib
Replace Part VD2 BRIDGE in D:\TKS Semestr\Schema.SchDoc with BRIDGE from sch.SchLib
Replace Part VT1 TRANS-NPN in D:\TKS Semestr\Schema.SchDoc with TRANS-NPN from sch.SchLib
Replace Part VT2 TRANS-NPN in D:\TKS Semestr\Schema.SchDoc with TRANS-NPN from sch.SchLib
Replace Part VT3 TRANS-NPN in D:\TKS Semestr\Schema.SchDoc with TRANS-NPN from sch.SchLib
Replace Part VT4 TRANS-PNP in D:\TKS Semestr\Schema.SchDoc with TRANS-PNP from sch.SchLib
Replace Part VT5 TRANS-NPN in D:\TKS Semestr\Schema.SchDoc with TRANS-NPN from sch.SchLib
Replace Part XP1 Connector2-long in D:\TKS Semestr\Schema.SchDoc with Connector2-long from sch.SchLib
Replace Part XP2 Connector-2 in D:\TKS Semestr\Schema.SchDoc with Connector-2 from sch.SchLib
Replace Part XP3 Connector-2 in D:\TKS Semestr\Schema.SchDoc with Connector-2 from sch.SchLib
Replace Part XP4 ConnectorOP in D:\TKS Semestr\Schema.SchDoc with ConnectorOP from sch.SchLib
Replace Part Ê2 Rel2connected in D:\TKS Semestr\Schema.SchDoc with Rel2connected from sch.SchLib
Replace Part Ê2 Rel2connected in D:\TKS Semestr\Schema.SchDoc with Rel2connected from sch.SchLib
