Replace Part * optwithLED in C:\Users\Public\Documents\Altium\Projects\TKS Semestr\Schema.SchDoc with optwithLED from sch.SchLib
Replace Part * ConnectorOP in C:\Users\Public\Documents\Altium\Projects\TKS Semestr\Schema.SchDoc with ConnectorOP from sch.SchLib
Replace Part * REl2 in C:\Users\Public\Documents\Altium\Projects\TKS Semestr\Schema.SchDoc with REl2 from sch.SchLib
Replace Part * Rel2connected in C:\Users\Public\Documents\Altium\Projects\TKS Semestr\Schema.SchDoc with Rel2connected from sch.SchLib
Replace Part * REl2 in C:\Users\Public\Documents\Altium\Projects\TKS Semestr\Schema.SchDoc with REl2 from sch.SchLib
Replace Part * Rel2connected in C:\Users\Public\Documents\Altium\Projects\TKS Semestr\Schema.SchDoc with Rel2connected from sch.SchLib
Replace Part * REl2 in C:\Users\Public\Documents\Altium\Projects\TKS Semestr\Schema.SchDoc with REl2 from sch.SchLib
Replace Part 1 3-positoin switch in C:\Users\Public\Documents\Altium\Projects\TKS Semestr\Schema.SchDoc with 3-positoin switch from sch.SchLib
Replace Part C? CapPol in C:\Users\Public\Documents\Altium\Projects\TKS Semestr\Schema.SchDoc with CapPol from sch.SchLib
Replace Part C? CapPol in C:\Users\Public\Documents\Altium\Projects\TKS Semestr\Schema.SchDoc with CapPol from sch.SchLib
Replace Part C? Cap in C:\Users\Public\Documents\Altium\Projects\TKS Semestr\Schema.SchDoc with Cap from sch.SchLib
Replace Part C? Cap in C:\Users\Public\Documents\Altium\Projects\TKS Semestr\Schema.SchDoc with Cap from sch.SchLib
Replace Part FU? Fuse in C:\Users\Public\Documents\Altium\Projects\TKS Semestr\Schema.SchDoc with Fuse from sch.SchLib
Replace Part HL? LED in C:\Users\Public\Documents\Altium\Projects\TKS Semestr\Schema.SchDoc with LED from sch.SchLib
Replace Part R? res in C:\Users\Public\Documents\Altium\Projects\TKS Semestr\Schema.SchDoc with res from sch.SchLib
Replace Part R? res in C:\Users\Public\Documents\Altium\Projects\TKS Semestr\Schema.SchDoc with res from sch.SchLib
Replace Part R? res in C:\Users\Public\Documents\Altium\Projects\TKS Semestr\Schema.SchDoc with res from sch.SchLib
Replace Part R? res in C:\Users\Public\Documents\Altium\Projects\TKS Semestr\Schema.SchDoc with res from sch.SchLib
Replace Part R? res in C:\Users\Public\Documents\Altium\Projects\TKS Semestr\Schema.SchDoc with res from sch.SchLib
Replace Part R? res in C:\Users\Public\Documents\Altium\Projects\TKS Semestr\Schema.SchDoc with res from sch.SchLib
Replace Part R? res in C:\Users\Public\Documents\Altium\Projects\TKS Semestr\Schema.SchDoc with res from sch.SchLib
Replace Part R? res in C:\Users\Public\Documents\Altium\Projects\TKS Semestr\Schema.SchDoc with res from sch.SchLib
Replace Part R? res in C:\Users\Public\Documents\Altium\Projects\TKS Semestr\Schema.SchDoc with res from sch.SchLib
Replace Part SA? SWITCH-3 in C:\Users\Public\Documents\Altium\Projects\TKS Semestr\Schema.SchDoc with SWITCH-3 from sch.SchLib
Replace Part T? TRANSFORMATOR-2 in C:\Users\Public\Documents\Altium\Projects\TKS Semestr\Schema.SchDoc with TRANSFORMATOR-2 from sch.SchLib
Replace Part T? TRANSFORMATOR-2 in C:\Users\Public\Documents\Altium\Projects\TKS Semestr\Schema.SchDoc with TRANSFORMATOR-2 from sch.SchLib
Replace Part VD? BRIDGE in C:\Users\Public\Documents\Altium\Projects\TKS Semestr\Schema.SchDoc with BRIDGE from sch.SchLib
Replace Part VD? DIODE in C:\Users\Public\Documents\Altium\Projects\TKS Semestr\Schema.SchDoc with DIODE from sch.SchLib
Replace Part VT? TRANS-NPN in C:\Users\Public\Documents\Altium\Projects\TKS Semestr\Schema.SchDoc with TRANS-NPN from sch.SchLib
Replace Part VT? TRANS-NPN in C:\Users\Public\Documents\Altium\Projects\TKS Semestr\Schema.SchDoc with TRANS-NPN from sch.SchLib
Replace Part VT? TRANS-NPN in C:\Users\Public\Documents\Altium\Projects\TKS Semestr\Schema.SchDoc with TRANS-NPN from sch.SchLib
Replace Part VT? TRANS-NPN in C:\Users\Public\Documents\Altium\Projects\TKS Semestr\Schema.SchDoc with TRANS-NPN from sch.SchLib
Replace Part VT? TRANS-PNP in C:\Users\Public\Documents\Altium\Projects\TKS Semestr\Schema.SchDoc with TRANS-PNP from sch.SchLib
Replace Part XP? Connector-2 in C:\Users\Public\Documents\Altium\Projects\TKS Semestr\Schema.SchDoc with Connector-2 from sch.SchLib
Replace Part XP? Connector-2 in C:\Users\Public\Documents\Altium\Projects\TKS Semestr\Schema.SchDoc with Connector-2 from sch.SchLib
Replace Part XP? Connector-2 in C:\Users\Public\Documents\Altium\Projects\TKS Semestr\Schema.SchDoc with Connector-2 from sch.SchLib
