Change Component Designator: Old Designator=C? New Designator=C1
Change Component Designator: Old Designator=C? New Designator=C2
Change Component Designator: Old Designator=C? New Designator=C3
Change Component Designator: Old Designator=C? New Designator=C4
Change Component Designator: Old Designator=FU? New Designator=FU1
Change Component Designator: Old Designator=K1.? New Designator=K2
Change Component Designator: Old Designator=K1.? New Designator=K2
Change Component Designator: Old Designator=K1.? New Designator=K2
Change Component Designator: Old Designator=K? New Designator=K1
Change Component Designator: Old Designator=K? New Designator=K1
Change Component Designator: Old Designator=K? New Designator=K1
Change Component Designator: Old Designator=R? New Designator=R1
Change Component Designator: Old Designator=R? New Designator=R2
Change Component Designator: Old Designator=R? New Designator=R3
Change Component Designator: Old Designator=R? New Designator=R4
Change Component Designator: Old Designator=R? New Designator=R5
Change Component Designator: Old Designator=R? New Designator=R6
Change Component Designator: Old Designator=R? New Designator=R7
Change Component Designator: Old Designator=R? New Designator=R8
Change Component Designator: Old Designator=R? New Designator=R9
Change Component Designator: Old Designator=SA? New Designator=SA1
Change Component Designator: Old Designator=T? New Designator=T1
Change Component Designator: Old Designator=U? New Designator=U1
Change Component Designator: Old Designator=VD? New Designator=VD1
Change Component Designator: Old Designator=VD? New Designator=VD2
Change Component Designator: Old Designator=VD? New Designator=VD3
Change Component Designator: Old Designator=VT? New Designator=VT1
Change Component Designator: Old Designator=VT? New Designator=VT2
Change Component Designator: Old Designator=VT? New Designator=VT3
Change Component Designator: Old Designator=VT? New Designator=VT4
Change Component Designator: Old Designator=VT? New Designator=VT5
Change Component Designator: Old Designator=XP? New Designator=XP1
Change Component Designator: Old Designator=XP? New Designator=XP2
Change Component Designator: Old Designator=XP? New Designator=XP3
Change Component Designator: Old Designator=XP? New Designator=XP4
