Replace Part C1 CapPol 1000 мк х 63В in C:\Users\Марат\Desktop\TKs\TKS-semestr\Schema.SchDoc with CapPol 1000 мк х 63В from TKS Semestr.SCHLIB
Replace Part C2 CapPol 470мк х 6В in C:\Users\Марат\Desktop\TKs\TKS-semestr\Schema.SchDoc with CapPol 470мк х 6В from TKS Semestr.SCHLIB
Replace Part C3 Cap in C:\Users\Марат\Desktop\TKs\TKS-semestr\Schema.SchDoc with Cap from TKS Semestr.SCHLIB
Replace Part C4 Cap in C:\Users\Марат\Desktop\TKs\TKS-semestr\Schema.SchDoc with Cap from TKS Semestr.SCHLIB
Replace Part FU1 Fuse 0.125А in C:\Users\Марат\Desktop\TKs\TKS-semestr\Schema.SchDoc with Fuse 0.125А from TKS Semestr.SCHLIB
Replace Part K1 REL Simple in C:\Users\Марат\Desktop\TKs\TKS-semestr\Schema.SchDoc with REL Simple from TKS Semestr.SCHLIB
Replace Part K1 REL Simple in C:\Users\Марат\Desktop\TKs\TKS-semestr\Schema.SchDoc with REL Simple from TKS Semestr.SCHLIB
Replace Part K1 REL Simple in C:\Users\Марат\Desktop\TKs\TKS-semestr\Schema.SchDoc with REL Simple from TKS Semestr.SCHLIB
Replace Part R1 res 2.4м 2Вт in C:\Users\Марат\Desktop\TKs\TKS-semestr\Schema.SchDoc with res 2.4м 2Вт from TKS Semestr.SCHLIB
Replace Part R2 res 510к 2Вт in C:\Users\Марат\Desktop\TKs\TKS-semestr\Schema.SchDoc with res 510к 2Вт from TKS Semestr.SCHLIB
Replace Part R3 res 3м 2Вт in C:\Users\Марат\Desktop\TKs\TKS-semestr\Schema.SchDoc with res 3м 2Вт from TKS Semestr.SCHLIB
Replace Part R4 res 15к 2Вт in C:\Users\Марат\Desktop\TKs\TKS-semestr\Schema.SchDoc with res 15к 2Вт from TKS Semestr.SCHLIB
Replace Part R5 res 1к 2Вт in C:\Users\Марат\Desktop\TKs\TKS-semestr\Schema.SchDoc with res 1к 2Вт from TKS Semestr.SCHLIB
Replace Part R6 res 15к 2Вт in C:\Users\Марат\Desktop\TKs\TKS-semestr\Schema.SchDoc with res 15к 2Вт from TKS Semestr.SCHLIB
Replace Part R7 res 1.5к 2Вт in C:\Users\Марат\Desktop\TKs\TKS-semestr\Schema.SchDoc with res 1.5к 2Вт from TKS Semestr.SCHLIB
Replace Part R8 res 510к 2Вт in C:\Users\Марат\Desktop\TKs\TKS-semestr\Schema.SchDoc with res 510к 2Вт from TKS Semestr.SCHLIB
Replace Part R9 res 5.1м 2Вт in C:\Users\Марат\Desktop\TKs\TKS-semestr\Schema.SchDoc with res 5.1м 2Вт from TKS Semestr.SCHLIB
Replace Part SA1 3-positoin switch in C:\Users\Марат\Desktop\TKs\TKS-semestr\Schema.SchDoc with 3-positoin switch from TKS Semestr.SCHLIB
Replace Part T1 TRANSFORMATOR-2 in C:\Users\Марат\Desktop\TKs\TKS-semestr\Schema.SchDoc with TRANSFORMATOR-2 from TKS Semestr.SCHLIB
Replace Part U1 opt АОД130А in C:\Users\Марат\Desktop\TKs\TKS-semestr\Schema.SchDoc with opt АОД130А from TKS Semestr.SCHLIB
Replace Part VD1 DIODE КД521А in C:\Users\Марат\Desktop\TKs\TKS-semestr\Schema.SchDoc with DIODE КД521А from TKS Semestr.SCHLIB
Replace Part VD2 LED АЛ307В in C:\Users\Марат\Desktop\TKs\TKS-semestr\Schema.SchDoc with LED АЛ307В from TKS Semestr.SCHLIB
Replace Part VD3 BRIDGE in C:\Users\Марат\Desktop\TKs\TKS-semestr\Schema.SchDoc with BRIDGE from TKS Semestr.SCHLIB
Replace Part VT1 КТ3107К in C:\Users\Марат\Desktop\TKs\TKS-semestr\Schema.SchDoc with КТ3107К from TKS Semestr.SCHLIB
Replace Part VT2 КТ940А in C:\Users\Марат\Desktop\TKs\TKS-semestr\Schema.SchDoc with КТ940А from TKS Semestr.SCHLIB
Replace Part VT3 КТ3102А in C:\Users\Марат\Desktop\TKs\TKS-semestr\Schema.SchDoc with КТ3102А from TKS Semestr.SCHLIB
Replace Part VT4 КТ829А in C:\Users\Марат\Desktop\TKs\TKS-semestr\Schema.SchDoc with КТ829А from TKS Semestr.SCHLIB
Replace Part VT5 КТ940А in C:\Users\Марат\Desktop\TKs\TKS-semestr\Schema.SchDoc with КТ940А from TKS Semestr.SCHLIB
Replace Part XP1 Connector Long in C:\Users\Марат\Desktop\TKs\TKS-semestr\Schema.SchDoc with Connector Long from TKS Semestr.SCHLIB
Replace Part XP2 ConnectorOP in C:\Users\Марат\Desktop\TKs\TKS-semestr\Schema.SchDoc with ConnectorOP from TKS Semestr.SCHLIB
Replace Part XP3 Connector Classic in C:\Users\Марат\Desktop\TKs\TKS-semestr\Schema.SchDoc with Connector Classic from TKS Semestr.SCHLIB
Replace Part XP4 Connector Classic in C:\Users\Марат\Desktop\TKs\TKS-semestr\Schema.SchDoc with Connector Classic from TKS Semestr.SCHLIB
Replace Part К2 Rel2connected in C:\Users\Марат\Desktop\TKs\TKS-semestr\Schema.SchDoc with Rel2connected from TKS Semestr.SCHLIB
Replace Part К2 Rel2connected in C:\Users\Марат\Desktop\TKs\TKS-semestr\Schema.SchDoc with Rel2connected from TKS Semestr.SCHLIB
